CRITICAL - 2022-02-02 13:57:57 --> Undefined array key "nik"
#0 C:\Users\WORK\Documents\dika\ci4\ukk\app\Models\User.php(10): CodeIgniter\Debug\Exceptions->errorHandler(2, 'Undefined array...', 'C:\\Users\\WORK\\D...', 10)
#1 C:\Users\WORK\Documents\dika\ci4\ukk\app\Controllers\Auth.php(11): App\Models\User::authenticate('123456789012345...', 'Adhika')
#2 C:\Users\WORK\Documents\dika\ci4\ukk\system\CodeIgniter.php(825): App\Controllers\Auth->login()
#3 C:\Users\WORK\Documents\dika\ci4\ukk\system\CodeIgniter.php(412): CodeIgniter\CodeIgniter->runController(Object(App\Controllers\Auth))
#4 C:\Users\WORK\Documents\dika\ci4\ukk\system\CodeIgniter.php(320): CodeIgniter\CodeIgniter->handleRequest(NULL, Object(Config\Cache), false)
#5 C:\Users\WORK\Documents\dika\ci4\ukk\public\index.php(37): CodeIgniter\CodeIgniter->run()
#6 C:\Users\WORK\Documents\dika\ci4\ukk\system\Commands\Server\rewrite.php(43): require_once('C:\\Users\\WORK\\D...')
#7 {main}
CRITICAL - 2022-02-02 13:59:57 --> Undefined array key "nik"
#0 C:\Users\WORK\Documents\dika\ci4\ukk\app\Models\User.php(10): CodeIgniter\Debug\Exceptions->errorHandler(2, 'Undefined array...', 'C:\\Users\\WORK\\D...', 10)
#1 C:\Users\WORK\Documents\dika\ci4\ukk\app\Controllers\Auth.php(11): App\Models\User::authenticate('123456789012345...', 'Adhika')
#2 C:\Users\WORK\Documents\dika\ci4\ukk\system\CodeIgniter.php(825): App\Controllers\Auth->login()
#3 C:\Users\WORK\Documents\dika\ci4\ukk\system\CodeIgniter.php(412): CodeIgniter\CodeIgniter->runController(Object(App\Controllers\Auth))
#4 C:\Users\WORK\Documents\dika\ci4\ukk\system\CodeIgniter.php(320): CodeIgniter\CodeIgniter->handleRequest(NULL, Object(Config\Cache), false)
#5 C:\Users\WORK\Documents\dika\ci4\ukk\public\index.php(37): CodeIgniter\CodeIgniter->run()
#6 C:\Users\WORK\Documents\dika\ci4\ukk\system\Commands\Server\rewrite.php(43): require_once('C:\\Users\\WORK\\D...')
#7 {main}
CRITICAL - 2022-02-02 14:00:15 --> Undefined array key "nik"
#0 C:\Users\WORK\Documents\dika\ci4\ukk\app\Models\User.php(11): CodeIgniter\Debug\Exceptions->errorHandler(2, 'Undefined array...', 'C:\\Users\\WORK\\D...', 11)
#1 C:\Users\WORK\Documents\dika\ci4\ukk\app\Controllers\Auth.php(11): App\Models\User::authenticate('123456789012345...', 'Adhika')
#2 C:\Users\WORK\Documents\dika\ci4\ukk\system\CodeIgniter.php(825): App\Controllers\Auth->login()
#3 C:\Users\WORK\Documents\dika\ci4\ukk\system\CodeIgniter.php(412): CodeIgniter\CodeIgniter->runController(Object(App\Controllers\Auth))
#4 C:\Users\WORK\Documents\dika\ci4\ukk\system\CodeIgniter.php(320): CodeIgniter\CodeIgniter->handleRequest(NULL, Object(Config\Cache), false)
#5 C:\Users\WORK\Documents\dika\ci4\ukk\public\index.php(37): CodeIgniter\CodeIgniter->run()
#6 C:\Users\WORK\Documents\dika\ci4\ukk\system\Commands\Server\rewrite.php(43): require_once('C:\\Users\\WORK\\D...')
#7 {main}
CRITICAL - 2022-02-02 14:00:34 --> Undefined array key "nik"
#0 C:\Users\WORK\Documents\dika\ci4\ukk\app\Models\User.php(9): CodeIgniter\Debug\Exceptions->errorHandler(2, 'Undefined array...', 'C:\\Users\\WORK\\D...', 9)
#1 C:\Users\WORK\Documents\dika\ci4\ukk\app\Controllers\Auth.php(11): App\Models\User::authenticate('123456789012345...', 'Adhika')
#2 C:\Users\WORK\Documents\dika\ci4\ukk\system\CodeIgniter.php(825): App\Controllers\Auth->login()
#3 C:\Users\WORK\Documents\dika\ci4\ukk\system\CodeIgniter.php(412): CodeIgniter\CodeIgniter->runController(Object(App\Controllers\Auth))
#4 C:\Users\WORK\Documents\dika\ci4\ukk\system\CodeIgniter.php(320): CodeIgniter\CodeIgniter->handleRequest(NULL, Object(Config\Cache), false)
#5 C:\Users\WORK\Documents\dika\ci4\ukk\public\index.php(37): CodeIgniter\CodeIgniter->run()
#6 C:\Users\WORK\Documents\dika\ci4\ukk\system\Commands\Server\rewrite.php(43): require_once('C:\\Users\\WORK\\D...')
#7 {main}
CRITICAL - 2022-02-02 14:00:44 --> Undefined array key "nik"
#0 C:\Users\WORK\Documents\dika\ci4\ukk\app\Models\User.php(11): CodeIgniter\Debug\Exceptions->errorHandler(2, 'Undefined array...', 'C:\\Users\\WORK\\D...', 11)
#1 C:\Users\WORK\Documents\dika\ci4\ukk\app\Controllers\Auth.php(11): App\Models\User::authenticate('123456789012345...', 'Adhika')
#2 C:\Users\WORK\Documents\dika\ci4\ukk\system\CodeIgniter.php(825): App\Controllers\Auth->login()
#3 C:\Users\WORK\Documents\dika\ci4\ukk\system\CodeIgniter.php(412): CodeIgniter\CodeIgniter->runController(Object(App\Controllers\Auth))
#4 C:\Users\WORK\Documents\dika\ci4\ukk\system\CodeIgniter.php(320): CodeIgniter\CodeIgniter->handleRequest(NULL, Object(Config\Cache), false)
#5 C:\Users\WORK\Documents\dika\ci4\ukk\public\index.php(37): CodeIgniter\CodeIgniter->run()
#6 C:\Users\WORK\Documents\dika\ci4\ukk\system\Commands\Server\rewrite.php(43): require_once('C:\\Users\\WORK\\D...')
#7 {main}
CRITICAL - 2022-02-02 14:01:00 --> Undefined array key "nik"
#0 C:\Users\WORK\Documents\dika\ci4\ukk\app\Models\User.php(11): CodeIgniter\Debug\Exceptions->errorHandler(2, 'Undefined array...', 'C:\\Users\\WORK\\D...', 11)
#1 C:\Users\WORK\Documents\dika\ci4\ukk\app\Controllers\Auth.php(11): App\Models\User::authenticate('123456789012345...', 'Adhika')
#2 C:\Users\WORK\Documents\dika\ci4\ukk\system\CodeIgniter.php(825): App\Controllers\Auth->login()
#3 C:\Users\WORK\Documents\dika\ci4\ukk\system\CodeIgniter.php(412): CodeIgniter\CodeIgniter->runController(Object(App\Controllers\Auth))
#4 C:\Users\WORK\Documents\dika\ci4\ukk\system\CodeIgniter.php(320): CodeIgniter\CodeIgniter->handleRequest(NULL, Object(Config\Cache), false)
#5 C:\Users\WORK\Documents\dika\ci4\ukk\public\index.php(37): CodeIgniter\CodeIgniter->run()
#6 C:\Users\WORK\Documents\dika\ci4\ukk\system\Commands\Server\rewrite.php(43): require_once('C:\\Users\\WORK\\D...')
#7 {main}
CRITICAL - 2022-02-02 14:01:07 --> Undefined array key "nik"
#0 C:\Users\WORK\Documents\dika\ci4\ukk\app\Models\User.php(9): CodeIgniter\Debug\Exceptions->errorHandler(2, 'Undefined array...', 'C:\\Users\\WORK\\D...', 9)
#1 C:\Users\WORK\Documents\dika\ci4\ukk\app\Controllers\Auth.php(11): App\Models\User::authenticate('123456789012345...', 'Adhika')
#2 C:\Users\WORK\Documents\dika\ci4\ukk\system\CodeIgniter.php(825): App\Controllers\Auth->login()
#3 C:\Users\WORK\Documents\dika\ci4\ukk\system\CodeIgniter.php(412): CodeIgniter\CodeIgniter->runController(Object(App\Controllers\Auth))
#4 C:\Users\WORK\Documents\dika\ci4\ukk\system\CodeIgniter.php(320): CodeIgniter\CodeIgniter->handleRequest(NULL, Object(Config\Cache), false)
#5 C:\Users\WORK\Documents\dika\ci4\ukk\public\index.php(37): CodeIgniter\CodeIgniter->run()
#6 C:\Users\WORK\Documents\dika\ci4\ukk\system\Commands\Server\rewrite.php(43): require_once('C:\\Users\\WORK\\D...')
#7 {main}
CRITICAL - 2022-02-02 14:01:11 --> Undefined array key "nik"
#0 C:\Users\WORK\Documents\dika\ci4\ukk\app\Models\User.php(11): CodeIgniter\Debug\Exceptions->errorHandler(2, 'Undefined array...', 'C:\\Users\\WORK\\D...', 11)
#1 C:\Users\WORK\Documents\dika\ci4\ukk\app\Controllers\Auth.php(11): App\Models\User::authenticate('123456789012345...', 'Adhika')
#2 C:\Users\WORK\Documents\dika\ci4\ukk\system\CodeIgniter.php(825): App\Controllers\Auth->login()
#3 C:\Users\WORK\Documents\dika\ci4\ukk\system\CodeIgniter.php(412): CodeIgniter\CodeIgniter->runController(Object(App\Controllers\Auth))
#4 C:\Users\WORK\Documents\dika\ci4\ukk\system\CodeIgniter.php(320): CodeIgniter\CodeIgniter->handleRequest(NULL, Object(Config\Cache), false)
#5 C:\Users\WORK\Documents\dika\ci4\ukk\public\index.php(37): CodeIgniter\CodeIgniter->run()
#6 C:\Users\WORK\Documents\dika\ci4\ukk\system\Commands\Server\rewrite.php(43): require_once('C:\\Users\\WORK\\D...')
#7 {main}
CRITICAL - 2022-02-02 14:01:43 --> Undefined array key "nik"
#0 C:\Users\WORK\Documents\dika\ci4\ukk\app\Models\User.php(11): CodeIgniter\Debug\Exceptions->errorHandler(2, 'Undefined array...', 'C:\\Users\\WORK\\D...', 11)
#1 C:\Users\WORK\Documents\dika\ci4\ukk\app\Controllers\Auth.php(11): App\Models\User::authenticate('123456789012345...', 'Adhika')
#2 C:\Users\WORK\Documents\dika\ci4\ukk\system\CodeIgniter.php(825): App\Controllers\Auth->login()
#3 C:\Users\WORK\Documents\dika\ci4\ukk\system\CodeIgniter.php(412): CodeIgniter\CodeIgniter->runController(Object(App\Controllers\Auth))
#4 C:\Users\WORK\Documents\dika\ci4\ukk\system\CodeIgniter.php(320): CodeIgniter\CodeIgniter->handleRequest(NULL, Object(Config\Cache), false)
#5 C:\Users\WORK\Documents\dika\ci4\ukk\public\index.php(37): CodeIgniter\CodeIgniter->run()
#6 C:\Users\WORK\Documents\dika\ci4\ukk\system\Commands\Server\rewrite.php(43): require_once('C:\\Users\\WORK\\D...')
#7 {main}
CRITICAL - 2022-02-02 14:03:33 --> Undefined array key "nik"
#0 C:\Users\WORK\Documents\dika\ci4\ukk\app\Models\User.php(11): CodeIgniter\Debug\Exceptions->errorHandler(2, 'Undefined array...', 'C:\\Users\\WORK\\D...', 11)
#1 C:\Users\WORK\Documents\dika\ci4\ukk\app\Controllers\Auth.php(11): App\Models\User::authenticate('123456789012345...', 'Adhika')
#2 C:\Users\WORK\Documents\dika\ci4\ukk\system\CodeIgniter.php(825): App\Controllers\Auth->login()
#3 C:\Users\WORK\Documents\dika\ci4\ukk\system\CodeIgniter.php(412): CodeIgniter\CodeIgniter->runController(Object(App\Controllers\Auth))
#4 C:\Users\WORK\Documents\dika\ci4\ukk\system\CodeIgniter.php(320): CodeIgniter\CodeIgniter->handleRequest(NULL, Object(Config\Cache), false)
#5 C:\Users\WORK\Documents\dika\ci4\ukk\public\index.php(37): CodeIgniter\CodeIgniter->run()
#6 C:\Users\WORK\Documents\dika\ci4\ukk\system\Commands\Server\rewrite.php(43): require_once('C:\\Users\\WORK\\D...')
#7 {main}
CRITICAL - 2022-02-02 14:04:36 --> Undefined array key "nik"
#0 C:\Users\WORK\Documents\dika\ci4\ukk\app\Models\User.php(11): CodeIgniter\Debug\Exceptions->errorHandler(2, 'Undefined array...', 'C:\\Users\\WORK\\D...', 11)
#1 C:\Users\WORK\Documents\dika\ci4\ukk\app\Controllers\Auth.php(11): App\Models\User::authenticate('123456789012345...', 'Adhika')
#2 C:\Users\WORK\Documents\dika\ci4\ukk\system\CodeIgniter.php(825): App\Controllers\Auth->login()
#3 C:\Users\WORK\Documents\dika\ci4\ukk\system\CodeIgniter.php(412): CodeIgniter\CodeIgniter->runController(Object(App\Controllers\Auth))
#4 C:\Users\WORK\Documents\dika\ci4\ukk\system\CodeIgniter.php(320): CodeIgniter\CodeIgniter->handleRequest(NULL, Object(Config\Cache), false)
#5 C:\Users\WORK\Documents\dika\ci4\ukk\public\index.php(37): CodeIgniter\CodeIgniter->run()
#6 C:\Users\WORK\Documents\dika\ci4\ukk\system\Commands\Server\rewrite.php(43): require_once('C:\\Users\\WORK\\D...')
#7 {main}
CRITICAL - 2022-02-02 14:23:18 --> Call to undefined method CodeIgniter\View\View::extends()
#0 C:\Users\WORK\Documents\dika\ci4\ukk\system\View\View.php(210): include()
#1 C:\Users\WORK\Documents\dika\ci4\ukk\system\View\View.php(213): CodeIgniter\View\View->CodeIgniter\View\{closure}()
#2 C:\Users\WORK\Documents\dika\ci4\ukk\system\Common.php(1089): CodeIgniter\View\View->render('login', Array, true)
#3 C:\Users\WORK\Documents\dika\ci4\ukk\app\Controllers\Home.php(28): view('login')
#4 C:\Users\WORK\Documents\dika\ci4\ukk\system\CodeIgniter.php(825): App\Controllers\Home->login()
#5 C:\Users\WORK\Documents\dika\ci4\ukk\system\CodeIgniter.php(412): CodeIgniter\CodeIgniter->runController(Object(App\Controllers\Home))
#6 C:\Users\WORK\Documents\dika\ci4\ukk\system\CodeIgniter.php(320): CodeIgniter\CodeIgniter->handleRequest(NULL, Object(Config\Cache), false)
#7 C:\Users\WORK\Documents\dika\ci4\ukk\public\index.php(37): CodeIgniter\CodeIgniter->run()
#8 C:\Users\WORK\Documents\dika\ci4\ukk\system\Commands\Server\rewrite.php(43): require_once('C:\\Users\\WORK\\D...')
#9 {main}
CRITICAL - 2022-02-02 14:24:05 --> Call to undefined method CodeIgniter\View\View::extends()
#0 C:\Users\WORK\Documents\dika\ci4\ukk\system\View\View.php(210): include()
#1 C:\Users\WORK\Documents\dika\ci4\ukk\system\View\View.php(213): CodeIgniter\View\View->CodeIgniter\View\{closure}()
#2 C:\Users\WORK\Documents\dika\ci4\ukk\system\Common.php(1089): CodeIgniter\View\View->render('login', Array, true)
#3 C:\Users\WORK\Documents\dika\ci4\ukk\app\Controllers\Home.php(28): view('login')
#4 C:\Users\WORK\Documents\dika\ci4\ukk\system\CodeIgniter.php(825): App\Controllers\Home->login()
#5 C:\Users\WORK\Documents\dika\ci4\ukk\system\CodeIgniter.php(412): CodeIgniter\CodeIgniter->runController(Object(App\Controllers\Home))
#6 C:\Users\WORK\Documents\dika\ci4\ukk\system\CodeIgniter.php(320): CodeIgniter\CodeIgniter->handleRequest(NULL, Object(Config\Cache), false)
#7 C:\Users\WORK\Documents\dika\ci4\ukk\public\index.php(37): CodeIgniter\CodeIgniter->run()
#8 C:\Users\WORK\Documents\dika\ci4\ukk\system\Commands\Server\rewrite.php(43): require_once('C:\\Users\\WORK\\D...')
#9 {main}
CRITICAL - 2022-02-02 14:24:05 --> Call to undefined method CodeIgniter\View\View::extends()
#0 C:\Users\WORK\Documents\dika\ci4\ukk\system\View\View.php(210): include()
#1 C:\Users\WORK\Documents\dika\ci4\ukk\system\View\View.php(213): CodeIgniter\View\View->CodeIgniter\View\{closure}()
#2 C:\Users\WORK\Documents\dika\ci4\ukk\system\Common.php(1089): CodeIgniter\View\View->render('login', Array, true)
#3 C:\Users\WORK\Documents\dika\ci4\ukk\app\Controllers\Home.php(28): view('login')
#4 C:\Users\WORK\Documents\dika\ci4\ukk\system\CodeIgniter.php(825): App\Controllers\Home->login()
#5 C:\Users\WORK\Documents\dika\ci4\ukk\system\CodeIgniter.php(412): CodeIgniter\CodeIgniter->runController(Object(App\Controllers\Home))
#6 C:\Users\WORK\Documents\dika\ci4\ukk\system\CodeIgniter.php(320): CodeIgniter\CodeIgniter->handleRequest(NULL, Object(Config\Cache), false)
#7 C:\Users\WORK\Documents\dika\ci4\ukk\public\index.php(37): CodeIgniter\CodeIgniter->run()
#8 C:\Users\WORK\Documents\dika\ci4\ukk\system\Commands\Server\rewrite.php(43): require_once('C:\\Users\\WORK\\D...')
#9 {main}
CRITICAL - 2022-02-02 14:24:06 --> Call to undefined method CodeIgniter\View\View::extends()
#0 C:\Users\WORK\Documents\dika\ci4\ukk\system\View\View.php(210): include()
#1 C:\Users\WORK\Documents\dika\ci4\ukk\system\View\View.php(213): CodeIgniter\View\View->CodeIgniter\View\{closure}()
#2 C:\Users\WORK\Documents\dika\ci4\ukk\system\Common.php(1089): CodeIgniter\View\View->render('login', Array, true)
#3 C:\Users\WORK\Documents\dika\ci4\ukk\app\Controllers\Home.php(28): view('login')
#4 C:\Users\WORK\Documents\dika\ci4\ukk\system\CodeIgniter.php(825): App\Controllers\Home->login()
#5 C:\Users\WORK\Documents\dika\ci4\ukk\system\CodeIgniter.php(412): CodeIgniter\CodeIgniter->runController(Object(App\Controllers\Home))
#6 C:\Users\WORK\Documents\dika\ci4\ukk\system\CodeIgniter.php(320): CodeIgniter\CodeIgniter->handleRequest(NULL, Object(Config\Cache), false)
#7 C:\Users\WORK\Documents\dika\ci4\ukk\public\index.php(37): CodeIgniter\CodeIgniter->run()
#8 C:\Users\WORK\Documents\dika\ci4\ukk\system\Commands\Server\rewrite.php(43): require_once('C:\\Users\\WORK\\D...')
#9 {main}
CRITICAL - 2022-02-02 14:24:06 --> Call to undefined method CodeIgniter\View\View::extends()
#0 C:\Users\WORK\Documents\dika\ci4\ukk\system\View\View.php(210): include()
#1 C:\Users\WORK\Documents\dika\ci4\ukk\system\View\View.php(213): CodeIgniter\View\View->CodeIgniter\View\{closure}()
#2 C:\Users\WORK\Documents\dika\ci4\ukk\system\Common.php(1089): CodeIgniter\View\View->render('login', Array, true)
#3 C:\Users\WORK\Documents\dika\ci4\ukk\app\Controllers\Home.php(28): view('login')
#4 C:\Users\WORK\Documents\dika\ci4\ukk\system\CodeIgniter.php(825): App\Controllers\Home->login()
#5 C:\Users\WORK\Documents\dika\ci4\ukk\system\CodeIgniter.php(412): CodeIgniter\CodeIgniter->runController(Object(App\Controllers\Home))
#6 C:\Users\WORK\Documents\dika\ci4\ukk\system\CodeIgniter.php(320): CodeIgniter\CodeIgniter->handleRequest(NULL, Object(Config\Cache), false)
#7 C:\Users\WORK\Documents\dika\ci4\ukk\public\index.php(37): CodeIgniter\CodeIgniter->run()
#8 C:\Users\WORK\Documents\dika\ci4\ukk\system\Commands\Server\rewrite.php(43): require_once('C:\\Users\\WORK\\D...')
#9 {main}
CRITICAL - 2022-02-02 14:24:06 --> Call to undefined method CodeIgniter\View\View::extends()
#0 C:\Users\WORK\Documents\dika\ci4\ukk\system\View\View.php(210): include()
#1 C:\Users\WORK\Documents\dika\ci4\ukk\system\View\View.php(213): CodeIgniter\View\View->CodeIgniter\View\{closure}()
#2 C:\Users\WORK\Documents\dika\ci4\ukk\system\Common.php(1089): CodeIgniter\View\View->render('login', Array, true)
#3 C:\Users\WORK\Documents\dika\ci4\ukk\app\Controllers\Home.php(28): view('login')
#4 C:\Users\WORK\Documents\dika\ci4\ukk\system\CodeIgniter.php(825): App\Controllers\Home->login()
#5 C:\Users\WORK\Documents\dika\ci4\ukk\system\CodeIgniter.php(412): CodeIgniter\CodeIgniter->runController(Object(App\Controllers\Home))
#6 C:\Users\WORK\Documents\dika\ci4\ukk\system\CodeIgniter.php(320): CodeIgniter\CodeIgniter->handleRequest(NULL, Object(Config\Cache), false)
#7 C:\Users\WORK\Documents\dika\ci4\ukk\public\index.php(37): CodeIgniter\CodeIgniter->run()
#8 C:\Users\WORK\Documents\dika\ci4\ukk\system\Commands\Server\rewrite.php(43): require_once('C:\\Users\\WORK\\D...')
#9 {main}
CRITICAL - 2022-02-02 14:24:06 --> Call to undefined method CodeIgniter\View\View::extends()
#0 C:\Users\WORK\Documents\dika\ci4\ukk\system\View\View.php(210): include()
#1 C:\Users\WORK\Documents\dika\ci4\ukk\system\View\View.php(213): CodeIgniter\View\View->CodeIgniter\View\{closure}()
#2 C:\Users\WORK\Documents\dika\ci4\ukk\system\Common.php(1089): CodeIgniter\View\View->render('login', Array, true)
#3 C:\Users\WORK\Documents\dika\ci4\ukk\app\Controllers\Home.php(28): view('login')
#4 C:\Users\WORK\Documents\dika\ci4\ukk\system\CodeIgniter.php(825): App\Controllers\Home->login()
#5 C:\Users\WORK\Documents\dika\ci4\ukk\system\CodeIgniter.php(412): CodeIgniter\CodeIgniter->runController(Object(App\Controllers\Home))
#6 C:\Users\WORK\Documents\dika\ci4\ukk\system\CodeIgniter.php(320): CodeIgniter\CodeIgniter->handleRequest(NULL, Object(Config\Cache), false)
#7 C:\Users\WORK\Documents\dika\ci4\ukk\public\index.php(37): CodeIgniter\CodeIgniter->run()
#8 C:\Users\WORK\Documents\dika\ci4\ukk\system\Commands\Server\rewrite.php(43): require_once('C:\\Users\\WORK\\D...')
#9 {main}
CRITICAL - 2022-02-02 14:24:07 --> Call to undefined method CodeIgniter\View\View::extends()
#0 C:\Users\WORK\Documents\dika\ci4\ukk\system\View\View.php(210): include()
#1 C:\Users\WORK\Documents\dika\ci4\ukk\system\View\View.php(213): CodeIgniter\View\View->CodeIgniter\View\{closure}()
#2 C:\Users\WORK\Documents\dika\ci4\ukk\system\Common.php(1089): CodeIgniter\View\View->render('login', Array, true)
#3 C:\Users\WORK\Documents\dika\ci4\ukk\app\Controllers\Home.php(28): view('login')
#4 C:\Users\WORK\Documents\dika\ci4\ukk\system\CodeIgniter.php(825): App\Controllers\Home->login()
#5 C:\Users\WORK\Documents\dika\ci4\ukk\system\CodeIgniter.php(412): CodeIgniter\CodeIgniter->runController(Object(App\Controllers\Home))
#6 C:\Users\WORK\Documents\dika\ci4\ukk\system\CodeIgniter.php(320): CodeIgniter\CodeIgniter->handleRequest(NULL, Object(Config\Cache), false)
#7 C:\Users\WORK\Documents\dika\ci4\ukk\public\index.php(37): CodeIgniter\CodeIgniter->run()
#8 C:\Users\WORK\Documents\dika\ci4\ukk\system\Commands\Server\rewrite.php(43): require_once('C:\\Users\\WORK\\D...')
#9 {main}
CRITICAL - 2022-02-02 14:24:07 --> Call to undefined method CodeIgniter\View\View::extends()
#0 C:\Users\WORK\Documents\dika\ci4\ukk\system\View\View.php(210): include()
#1 C:\Users\WORK\Documents\dika\ci4\ukk\system\View\View.php(213): CodeIgniter\View\View->CodeIgniter\View\{closure}()
#2 C:\Users\WORK\Documents\dika\ci4\ukk\system\Common.php(1089): CodeIgniter\View\View->render('login', Array, true)
#3 C:\Users\WORK\Documents\dika\ci4\ukk\app\Controllers\Home.php(28): view('login')
#4 C:\Users\WORK\Documents\dika\ci4\ukk\system\CodeIgniter.php(825): App\Controllers\Home->login()
#5 C:\Users\WORK\Documents\dika\ci4\ukk\system\CodeIgniter.php(412): CodeIgniter\CodeIgniter->runController(Object(App\Controllers\Home))
#6 C:\Users\WORK\Documents\dika\ci4\ukk\system\CodeIgniter.php(320): CodeIgniter\CodeIgniter->handleRequest(NULL, Object(Config\Cache), false)
#7 C:\Users\WORK\Documents\dika\ci4\ukk\public\index.php(37): CodeIgniter\CodeIgniter->run()
#8 C:\Users\WORK\Documents\dika\ci4\ukk\system\Commands\Server\rewrite.php(43): require_once('C:\\Users\\WORK\\D...')
#9 {main}
CRITICAL - 2022-02-02 14:24:07 --> Call to undefined method CodeIgniter\View\View::extends()
#0 C:\Users\WORK\Documents\dika\ci4\ukk\system\View\View.php(210): include()
#1 C:\Users\WORK\Documents\dika\ci4\ukk\system\View\View.php(213): CodeIgniter\View\View->CodeIgniter\View\{closure}()
#2 C:\Users\WORK\Documents\dika\ci4\ukk\system\Common.php(1089): CodeIgniter\View\View->render('login', Array, true)
#3 C:\Users\WORK\Documents\dika\ci4\ukk\app\Controllers\Home.php(28): view('login')
#4 C:\Users\WORK\Documents\dika\ci4\ukk\system\CodeIgniter.php(825): App\Controllers\Home->login()
#5 C:\Users\WORK\Documents\dika\ci4\ukk\system\CodeIgniter.php(412): CodeIgniter\CodeIgniter->runController(Object(App\Controllers\Home))
#6 C:\Users\WORK\Documents\dika\ci4\ukk\system\CodeIgniter.php(320): CodeIgniter\CodeIgniter->handleRequest(NULL, Object(Config\Cache), false)
#7 C:\Users\WORK\Documents\dika\ci4\ukk\public\index.php(37): CodeIgniter\CodeIgniter->run()
#8 C:\Users\WORK\Documents\dika\ci4\ukk\system\Commands\Server\rewrite.php(43): require_once('C:\\Users\\WORK\\D...')
#9 {main}
CRITICAL - 2022-02-02 14:24:07 --> Call to undefined method CodeIgniter\View\View::extends()
#0 C:\Users\WORK\Documents\dika\ci4\ukk\system\View\View.php(210): include()
#1 C:\Users\WORK\Documents\dika\ci4\ukk\system\View\View.php(213): CodeIgniter\View\View->CodeIgniter\View\{closure}()
#2 C:\Users\WORK\Documents\dika\ci4\ukk\system\Common.php(1089): CodeIgniter\View\View->render('login', Array, true)
#3 C:\Users\WORK\Documents\dika\ci4\ukk\app\Controllers\Home.php(28): view('login')
#4 C:\Users\WORK\Documents\dika\ci4\ukk\system\CodeIgniter.php(825): App\Controllers\Home->login()
#5 C:\Users\WORK\Documents\dika\ci4\ukk\system\CodeIgniter.php(412): CodeIgniter\CodeIgniter->runController(Object(App\Controllers\Home))
#6 C:\Users\WORK\Documents\dika\ci4\ukk\system\CodeIgniter.php(320): CodeIgniter\CodeIgniter->handleRequest(NULL, Object(Config\Cache), false)
#7 C:\Users\WORK\Documents\dika\ci4\ukk\public\index.php(37): CodeIgniter\CodeIgniter->run()
#8 C:\Users\WORK\Documents\dika\ci4\ukk\system\Commands\Server\rewrite.php(43): require_once('C:\\Users\\WORK\\D...')
#9 {main}
CRITICAL - 2022-02-02 14:24:08 --> Call to undefined method CodeIgniter\View\View::extends()
#0 C:\Users\WORK\Documents\dika\ci4\ukk\system\View\View.php(210): include()
#1 C:\Users\WORK\Documents\dika\ci4\ukk\system\View\View.php(213): CodeIgniter\View\View->CodeIgniter\View\{closure}()
#2 C:\Users\WORK\Documents\dika\ci4\ukk\system\Common.php(1089): CodeIgniter\View\View->render('login', Array, true)
#3 C:\Users\WORK\Documents\dika\ci4\ukk\app\Controllers\Home.php(28): view('login')
#4 C:\Users\WORK\Documents\dika\ci4\ukk\system\CodeIgniter.php(825): App\Controllers\Home->login()
#5 C:\Users\WORK\Documents\dika\ci4\ukk\system\CodeIgniter.php(412): CodeIgniter\CodeIgniter->runController(Object(App\Controllers\Home))
#6 C:\Users\WORK\Documents\dika\ci4\ukk\system\CodeIgniter.php(320): CodeIgniter\CodeIgniter->handleRequest(NULL, Object(Config\Cache), false)
#7 C:\Users\WORK\Documents\dika\ci4\ukk\public\index.php(37): CodeIgniter\CodeIgniter->run()
#8 C:\Users\WORK\Documents\dika\ci4\ukk\system\Commands\Server\rewrite.php(43): require_once('C:\\Users\\WORK\\D...')
#9 {main}
CRITICAL - 2022-02-02 14:24:08 --> Call to undefined method CodeIgniter\View\View::extends()
#0 C:\Users\WORK\Documents\dika\ci4\ukk\system\View\View.php(210): include()
#1 C:\Users\WORK\Documents\dika\ci4\ukk\system\View\View.php(213): CodeIgniter\View\View->CodeIgniter\View\{closure}()
#2 C:\Users\WORK\Documents\dika\ci4\ukk\system\Common.php(1089): CodeIgniter\View\View->render('login', Array, true)
#3 C:\Users\WORK\Documents\dika\ci4\ukk\app\Controllers\Home.php(28): view('login')
#4 C:\Users\WORK\Documents\dika\ci4\ukk\system\CodeIgniter.php(825): App\Controllers\Home->login()
#5 C:\Users\WORK\Documents\dika\ci4\ukk\system\CodeIgniter.php(412): CodeIgniter\CodeIgniter->runController(Object(App\Controllers\Home))
#6 C:\Users\WORK\Documents\dika\ci4\ukk\system\CodeIgniter.php(320): CodeIgniter\CodeIgniter->handleRequest(NULL, Object(Config\Cache), false)
#7 C:\Users\WORK\Documents\dika\ci4\ukk\public\index.php(37): CodeIgniter\CodeIgniter->run()
#8 C:\Users\WORK\Documents\dika\ci4\ukk\system\Commands\Server\rewrite.php(43): require_once('C:\\Users\\WORK\\D...')
#9 {main}
CRITICAL - 2022-02-02 14:24:08 --> Call to undefined method CodeIgniter\View\View::extends()
#0 C:\Users\WORK\Documents\dika\ci4\ukk\system\View\View.php(210): include()
#1 C:\Users\WORK\Documents\dika\ci4\ukk\system\View\View.php(213): CodeIgniter\View\View->CodeIgniter\View\{closure}()
#2 C:\Users\WORK\Documents\dika\ci4\ukk\system\Common.php(1089): CodeIgniter\View\View->render('login', Array, true)
#3 C:\Users\WORK\Documents\dika\ci4\ukk\app\Controllers\Home.php(28): view('login')
#4 C:\Users\WORK\Documents\dika\ci4\ukk\system\CodeIgniter.php(825): App\Controllers\Home->login()
#5 C:\Users\WORK\Documents\dika\ci4\ukk\system\CodeIgniter.php(412): CodeIgniter\CodeIgniter->runController(Object(App\Controllers\Home))
#6 C:\Users\WORK\Documents\dika\ci4\ukk\system\CodeIgniter.php(320): CodeIgniter\CodeIgniter->handleRequest(NULL, Object(Config\Cache), false)
#7 C:\Users\WORK\Documents\dika\ci4\ukk\public\index.php(37): CodeIgniter\CodeIgniter->run()
#8 C:\Users\WORK\Documents\dika\ci4\ukk\system\Commands\Server\rewrite.php(43): require_once('C:\\Users\\WORK\\D...')
#9 {main}
CRITICAL - 2022-02-02 14:24:08 --> Call to undefined method CodeIgniter\View\View::extends()
#0 C:\Users\WORK\Documents\dika\ci4\ukk\system\View\View.php(210): include()
#1 C:\Users\WORK\Documents\dika\ci4\ukk\system\View\View.php(213): CodeIgniter\View\View->CodeIgniter\View\{closure}()
#2 C:\Users\WORK\Documents\dika\ci4\ukk\system\Common.php(1089): CodeIgniter\View\View->render('login', Array, true)
#3 C:\Users\WORK\Documents\dika\ci4\ukk\app\Controllers\Home.php(28): view('login')
#4 C:\Users\WORK\Documents\dika\ci4\ukk\system\CodeIgniter.php(825): App\Controllers\Home->login()
#5 C:\Users\WORK\Documents\dika\ci4\ukk\system\CodeIgniter.php(412): CodeIgniter\CodeIgniter->runController(Object(App\Controllers\Home))
#6 C:\Users\WORK\Documents\dika\ci4\ukk\system\CodeIgniter.php(320): CodeIgniter\CodeIgniter->handleRequest(NULL, Object(Config\Cache), false)
#7 C:\Users\WORK\Documents\dika\ci4\ukk\public\index.php(37): CodeIgniter\CodeIgniter->run()
#8 C:\Users\WORK\Documents\dika\ci4\ukk\system\Commands\Server\rewrite.php(43): require_once('C:\\Users\\WORK\\D...')
#9 {main}
CRITICAL - 2022-02-02 14:24:09 --> Call to undefined method CodeIgniter\View\View::extends()
#0 C:\Users\WORK\Documents\dika\ci4\ukk\system\View\View.php(210): include()
#1 C:\Users\WORK\Documents\dika\ci4\ukk\system\View\View.php(213): CodeIgniter\View\View->CodeIgniter\View\{closure}()
#2 C:\Users\WORK\Documents\dika\ci4\ukk\system\Common.php(1089): CodeIgniter\View\View->render('login', Array, true)
#3 C:\Users\WORK\Documents\dika\ci4\ukk\app\Controllers\Home.php(28): view('login')
#4 C:\Users\WORK\Documents\dika\ci4\ukk\system\CodeIgniter.php(825): App\Controllers\Home->login()
#5 C:\Users\WORK\Documents\dika\ci4\ukk\system\CodeIgniter.php(412): CodeIgniter\CodeIgniter->runController(Object(App\Controllers\Home))
#6 C:\Users\WORK\Documents\dika\ci4\ukk\system\CodeIgniter.php(320): CodeIgniter\CodeIgniter->handleRequest(NULL, Object(Config\Cache), false)
#7 C:\Users\WORK\Documents\dika\ci4\ukk\public\index.php(37): CodeIgniter\CodeIgniter->run()
#8 C:\Users\WORK\Documents\dika\ci4\ukk\system\Commands\Server\rewrite.php(43): require_once('C:\\Users\\WORK\\D...')
#9 {main}
CRITICAL - 2022-02-02 14:24:09 --> Call to undefined method CodeIgniter\View\View::extends()
#0 C:\Users\WORK\Documents\dika\ci4\ukk\system\View\View.php(210): include()
#1 C:\Users\WORK\Documents\dika\ci4\ukk\system\View\View.php(213): CodeIgniter\View\View->CodeIgniter\View\{closure}()
#2 C:\Users\WORK\Documents\dika\ci4\ukk\system\Common.php(1089): CodeIgniter\View\View->render('login', Array, true)
#3 C:\Users\WORK\Documents\dika\ci4\ukk\app\Controllers\Home.php(28): view('login')
#4 C:\Users\WORK\Documents\dika\ci4\ukk\system\CodeIgniter.php(825): App\Controllers\Home->login()
#5 C:\Users\WORK\Documents\dika\ci4\ukk\system\CodeIgniter.php(412): CodeIgniter\CodeIgniter->runController(Object(App\Controllers\Home))
#6 C:\Users\WORK\Documents\dika\ci4\ukk\system\CodeIgniter.php(320): CodeIgniter\CodeIgniter->handleRequest(NULL, Object(Config\Cache), false)
#7 C:\Users\WORK\Documents\dika\ci4\ukk\public\index.php(37): CodeIgniter\CodeIgniter->run()
#8 C:\Users\WORK\Documents\dika\ci4\ukk\system\Commands\Server\rewrite.php(43): require_once('C:\\Users\\WORK\\D...')
#9 {main}
CRITICAL - 2022-02-02 14:24:09 --> Call to undefined method CodeIgniter\View\View::extends()
#0 C:\Users\WORK\Documents\dika\ci4\ukk\system\View\View.php(210): include()
#1 C:\Users\WORK\Documents\dika\ci4\ukk\system\View\View.php(213): CodeIgniter\View\View->CodeIgniter\View\{closure}()
#2 C:\Users\WORK\Documents\dika\ci4\ukk\system\Common.php(1089): CodeIgniter\View\View->render('login', Array, true)
#3 C:\Users\WORK\Documents\dika\ci4\ukk\app\Controllers\Home.php(28): view('login')
#4 C:\Users\WORK\Documents\dika\ci4\ukk\system\CodeIgniter.php(825): App\Controllers\Home->login()
#5 C:\Users\WORK\Documents\dika\ci4\ukk\system\CodeIgniter.php(412): CodeIgniter\CodeIgniter->runController(Object(App\Controllers\Home))
#6 C:\Users\WORK\Documents\dika\ci4\ukk\system\CodeIgniter.php(320): CodeIgniter\CodeIgniter->handleRequest(NULL, Object(Config\Cache), false)
#7 C:\Users\WORK\Documents\dika\ci4\ukk\public\index.php(37): CodeIgniter\CodeIgniter->run()
#8 C:\Users\WORK\Documents\dika\ci4\ukk\system\Commands\Server\rewrite.php(43): require_once('C:\\Users\\WORK\\D...')
#9 {main}
CRITICAL - 2022-02-02 14:24:09 --> Call to undefined method CodeIgniter\View\View::extends()
#0 C:\Users\WORK\Documents\dika\ci4\ukk\system\View\View.php(210): include()
#1 C:\Users\WORK\Documents\dika\ci4\ukk\system\View\View.php(213): CodeIgniter\View\View->CodeIgniter\View\{closure}()
#2 C:\Users\WORK\Documents\dika\ci4\ukk\system\Common.php(1089): CodeIgniter\View\View->render('login', Array, true)
#3 C:\Users\WORK\Documents\dika\ci4\ukk\app\Controllers\Home.php(28): view('login')
#4 C:\Users\WORK\Documents\dika\ci4\ukk\system\CodeIgniter.php(825): App\Controllers\Home->login()
#5 C:\Users\WORK\Documents\dika\ci4\ukk\system\CodeIgniter.php(412): CodeIgniter\CodeIgniter->runController(Object(App\Controllers\Home))
#6 C:\Users\WORK\Documents\dika\ci4\ukk\system\CodeIgniter.php(320): CodeIgniter\CodeIgniter->handleRequest(NULL, Object(Config\Cache), false)
#7 C:\Users\WORK\Documents\dika\ci4\ukk\public\index.php(37): CodeIgniter\CodeIgniter->run()
#8 C:\Users\WORK\Documents\dika\ci4\ukk\system\Commands\Server\rewrite.php(43): require_once('C:\\Users\\WORK\\D...')
#9 {main}
CRITICAL - 2022-02-02 14:24:10 --> Call to undefined method CodeIgniter\View\View::extends()
#0 C:\Users\WORK\Documents\dika\ci4\ukk\system\View\View.php(210): include()
#1 C:\Users\WORK\Documents\dika\ci4\ukk\system\View\View.php(213): CodeIgniter\View\View->CodeIgniter\View\{closure}()
#2 C:\Users\WORK\Documents\dika\ci4\ukk\system\Common.php(1089): CodeIgniter\View\View->render('login', Array, true)
#3 C:\Users\WORK\Documents\dika\ci4\ukk\app\Controllers\Home.php(28): view('login')
#4 C:\Users\WORK\Documents\dika\ci4\ukk\system\CodeIgniter.php(825): App\Controllers\Home->login()
#5 C:\Users\WORK\Documents\dika\ci4\ukk\system\CodeIgniter.php(412): CodeIgniter\CodeIgniter->runController(Object(App\Controllers\Home))
#6 C:\Users\WORK\Documents\dika\ci4\ukk\system\CodeIgniter.php(320): CodeIgniter\CodeIgniter->handleRequest(NULL, Object(Config\Cache), false)
#7 C:\Users\WORK\Documents\dika\ci4\ukk\public\index.php(37): CodeIgniter\CodeIgniter->run()
#8 C:\Users\WORK\Documents\dika\ci4\ukk\system\Commands\Server\rewrite.php(43): require_once('C:\\Users\\WORK\\D...')
#9 {main}
CRITICAL - 2022-02-02 14:24:10 --> Call to undefined method CodeIgniter\View\View::extends()
#0 C:\Users\WORK\Documents\dika\ci4\ukk\system\View\View.php(210): include()
#1 C:\Users\WORK\Documents\dika\ci4\ukk\system\View\View.php(213): CodeIgniter\View\View->CodeIgniter\View\{closure}()
#2 C:\Users\WORK\Documents\dika\ci4\ukk\system\Common.php(1089): CodeIgniter\View\View->render('login', Array, true)
#3 C:\Users\WORK\Documents\dika\ci4\ukk\app\Controllers\Home.php(28): view('login')
#4 C:\Users\WORK\Documents\dika\ci4\ukk\system\CodeIgniter.php(825): App\Controllers\Home->login()
#5 C:\Users\WORK\Documents\dika\ci4\ukk\system\CodeIgniter.php(412): CodeIgniter\CodeIgniter->runController(Object(App\Controllers\Home))
#6 C:\Users\WORK\Documents\dika\ci4\ukk\system\CodeIgniter.php(320): CodeIgniter\CodeIgniter->handleRequest(NULL, Object(Config\Cache), false)
#7 C:\Users\WORK\Documents\dika\ci4\ukk\public\index.php(37): CodeIgniter\CodeIgniter->run()
#8 C:\Users\WORK\Documents\dika\ci4\ukk\system\Commands\Server\rewrite.php(43): require_once('C:\\Users\\WORK\\D...')
#9 {main}
CRITICAL - 2022-02-02 14:24:10 --> Call to undefined method CodeIgniter\View\View::extends()
#0 C:\Users\WORK\Documents\dika\ci4\ukk\system\View\View.php(210): include()
#1 C:\Users\WORK\Documents\dika\ci4\ukk\system\View\View.php(213): CodeIgniter\View\View->CodeIgniter\View\{closure}()
#2 C:\Users\WORK\Documents\dika\ci4\ukk\system\Common.php(1089): CodeIgniter\View\View->render('login', Array, true)
#3 C:\Users\WORK\Documents\dika\ci4\ukk\app\Controllers\Home.php(28): view('login')
#4 C:\Users\WORK\Documents\dika\ci4\ukk\system\CodeIgniter.php(825): App\Controllers\Home->login()
#5 C:\Users\WORK\Documents\dika\ci4\ukk\system\CodeIgniter.php(412): CodeIgniter\CodeIgniter->runController(Object(App\Controllers\Home))
#6 C:\Users\WORK\Documents\dika\ci4\ukk\system\CodeIgniter.php(320): CodeIgniter\CodeIgniter->handleRequest(NULL, Object(Config\Cache), false)
#7 C:\Users\WORK\Documents\dika\ci4\ukk\public\index.php(37): CodeIgniter\CodeIgniter->run()
#8 C:\Users\WORK\Documents\dika\ci4\ukk\system\Commands\Server\rewrite.php(43): require_once('C:\\Users\\WORK\\D...')
#9 {main}
CRITICAL - 2022-02-02 14:24:10 --> Call to undefined method CodeIgniter\View\View::extends()
#0 C:\Users\WORK\Documents\dika\ci4\ukk\system\View\View.php(210): include()
#1 C:\Users\WORK\Documents\dika\ci4\ukk\system\View\View.php(213): CodeIgniter\View\View->CodeIgniter\View\{closure}()
#2 C:\Users\WORK\Documents\dika\ci4\ukk\system\Common.php(1089): CodeIgniter\View\View->render('login', Array, true)
#3 C:\Users\WORK\Documents\dika\ci4\ukk\app\Controllers\Home.php(28): view('login')
#4 C:\Users\WORK\Documents\dika\ci4\ukk\system\CodeIgniter.php(825): App\Controllers\Home->login()
#5 C:\Users\WORK\Documents\dika\ci4\ukk\system\CodeIgniter.php(412): CodeIgniter\CodeIgniter->runController(Object(App\Controllers\Home))
#6 C:\Users\WORK\Documents\dika\ci4\ukk\system\CodeIgniter.php(320): CodeIgniter\CodeIgniter->handleRequest(NULL, Object(Config\Cache), false)
#7 C:\Users\WORK\Documents\dika\ci4\ukk\public\index.php(37): CodeIgniter\CodeIgniter->run()
#8 C:\Users\WORK\Documents\dika\ci4\ukk\system\Commands\Server\rewrite.php(43): require_once('C:\\Users\\WORK\\D...')
#9 {main}
CRITICAL - 2022-02-02 14:24:11 --> Call to undefined method CodeIgniter\View\View::extends()
#0 C:\Users\WORK\Documents\dika\ci4\ukk\system\View\View.php(210): include()
#1 C:\Users\WORK\Documents\dika\ci4\ukk\system\View\View.php(213): CodeIgniter\View\View->CodeIgniter\View\{closure}()
#2 C:\Users\WORK\Documents\dika\ci4\ukk\system\Common.php(1089): CodeIgniter\View\View->render('login', Array, true)
#3 C:\Users\WORK\Documents\dika\ci4\ukk\app\Controllers\Home.php(28): view('login')
#4 C:\Users\WORK\Documents\dika\ci4\ukk\system\CodeIgniter.php(825): App\Controllers\Home->login()
#5 C:\Users\WORK\Documents\dika\ci4\ukk\system\CodeIgniter.php(412): CodeIgniter\CodeIgniter->runController(Object(App\Controllers\Home))
#6 C:\Users\WORK\Documents\dika\ci4\ukk\system\CodeIgniter.php(320): CodeIgniter\CodeIgniter->handleRequest(NULL, Object(Config\Cache), false)
#7 C:\Users\WORK\Documents\dika\ci4\ukk\public\index.php(37): CodeIgniter\CodeIgniter->run()
#8 C:\Users\WORK\Documents\dika\ci4\ukk\system\Commands\Server\rewrite.php(43): require_once('C:\\Users\\WORK\\D...')
#9 {main}
CRITICAL - 2022-02-02 14:24:11 --> Call to undefined method CodeIgniter\View\View::extends()
#0 C:\Users\WORK\Documents\dika\ci4\ukk\system\View\View.php(210): include()
#1 C:\Users\WORK\Documents\dika\ci4\ukk\system\View\View.php(213): CodeIgniter\View\View->CodeIgniter\View\{closure}()
#2 C:\Users\WORK\Documents\dika\ci4\ukk\system\Common.php(1089): CodeIgniter\View\View->render('login', Array, true)
#3 C:\Users\WORK\Documents\dika\ci4\ukk\app\Controllers\Home.php(28): view('login')
#4 C:\Users\WORK\Documents\dika\ci4\ukk\system\CodeIgniter.php(825): App\Controllers\Home->login()
#5 C:\Users\WORK\Documents\dika\ci4\ukk\system\CodeIgniter.php(412): CodeIgniter\CodeIgniter->runController(Object(App\Controllers\Home))
#6 C:\Users\WORK\Documents\dika\ci4\ukk\system\CodeIgniter.php(320): CodeIgniter\CodeIgniter->handleRequest(NULL, Object(Config\Cache), false)
#7 C:\Users\WORK\Documents\dika\ci4\ukk\public\index.php(37): CodeIgniter\CodeIgniter->run()
#8 C:\Users\WORK\Documents\dika\ci4\ukk\system\Commands\Server\rewrite.php(43): require_once('C:\\Users\\WORK\\D...')
#9 {main}
CRITICAL - 2022-02-02 14:32:08 --> Invalid file: include/alerts.php
#0 C:\Users\WORK\Documents\dika\ci4\ukk\system\View\View.php(198): CodeIgniter\Exceptions\FrameworkException::forInvalidFile('include/alerts....')
#1 C:\Users\WORK\Documents\dika\ci4\ukk\system\View\View.php(424): CodeIgniter\View\View->render('include/alerts', NULL, true)
#2 C:\Users\WORK\Documents\dika\ci4\ukk\app\Views\login.php(7): CodeIgniter\View\View->include('include/alerts')
#3 C:\Users\WORK\Documents\dika\ci4\ukk\system\View\View.php(210): include('C:\\Users\\WORK\\D...')
#4 C:\Users\WORK\Documents\dika\ci4\ukk\system\View\View.php(213): CodeIgniter\View\View->CodeIgniter\View\{closure}()
#5 C:\Users\WORK\Documents\dika\ci4\ukk\system\Common.php(1089): CodeIgniter\View\View->render('login', Array, true)
#6 C:\Users\WORK\Documents\dika\ci4\ukk\app\Controllers\Home.php(28): view('login')
#7 C:\Users\WORK\Documents\dika\ci4\ukk\system\CodeIgniter.php(825): App\Controllers\Home->login()
#8 C:\Users\WORK\Documents\dika\ci4\ukk\system\CodeIgniter.php(412): CodeIgniter\CodeIgniter->runController(Object(App\Controllers\Home))
#9 C:\Users\WORK\Documents\dika\ci4\ukk\system\CodeIgniter.php(320): CodeIgniter\CodeIgniter->handleRequest(NULL, Object(Config\Cache), false)
#10 C:\Users\WORK\Documents\dika\ci4\ukk\public\index.php(37): CodeIgniter\CodeIgniter->run()
#11 C:\Users\WORK\Documents\dika\ci4\ukk\system\Commands\Server\rewrite.php(43): require_once('C:\\Users\\WORK\\D...')
#12 {main}
