CRITICAL - 2022-02-06 22:31:24 --> Undefined array key "waktu"
#0 C:\xampp\htdocs\ukkrpl2022\app\Views\catatan_perjalanan.php(29): CodeIgniter\Debug\Exceptions->errorHandler(2, 'Undefined array...', 'C:\\xampp\\htdocs...', 29)
#1 C:\xampp\htdocs\ukkrpl2022\system\View\View.php(210): include('C:\\xampp\\htdocs...')
#2 C:\xampp\htdocs\ukkrpl2022\system\View\View.php(213): CodeIgniter\View\View->CodeIgniter\View\{closure}()
#3 C:\xampp\htdocs\ukkrpl2022\system\Common.php(1089): CodeIgniter\View\View->render('catatan_perjala...', Array, true)
#4 C:\xampp\htdocs\ukkrpl2022\app\Controllers\CatatanPerjalanan.php(28): view('catatan_perjala...', Array)
#5 C:\xampp\htdocs\ukkrpl2022\system\CodeIgniter.php(825): App\Controllers\CatatanPerjalanan->index()
#6 C:\xampp\htdocs\ukkrpl2022\system\CodeIgniter.php(412): CodeIgniter\CodeIgniter->runController(Object(App\Controllers\CatatanPerjalanan))
#7 C:\xampp\htdocs\ukkrpl2022\system\CodeIgniter.php(320): CodeIgniter\CodeIgniter->handleRequest(NULL, Object(Config\Cache), false)
#8 C:\xampp\htdocs\ukkrpl2022\public\index.php(37): CodeIgniter\CodeIgniter->run()
#9 C:\xampp\htdocs\ukkrpl2022\system\Commands\Server\rewrite.php(43): require_once('C:\\xampp\\htdocs...')
#10 {main}
CRITICAL - 2022-02-06 22:32:28 --> Undefined array key "waktu"
#0 C:\xampp\htdocs\ukkrpl2022\app\Views\catatan_perjalanan.php(29): CodeIgniter\Debug\Exceptions->errorHandler(2, 'Undefined array...', 'C:\\xampp\\htdocs...', 29)
#1 C:\xampp\htdocs\ukkrpl2022\system\View\View.php(210): include('C:\\xampp\\htdocs...')
#2 C:\xampp\htdocs\ukkrpl2022\system\View\View.php(213): CodeIgniter\View\View->CodeIgniter\View\{closure}()
#3 C:\xampp\htdocs\ukkrpl2022\system\Common.php(1089): CodeIgniter\View\View->render('catatan_perjala...', Array, true)
#4 C:\xampp\htdocs\ukkrpl2022\app\Controllers\CatatanPerjalanan.php(28): view('catatan_perjala...', Array)
#5 C:\xampp\htdocs\ukkrpl2022\system\CodeIgniter.php(825): App\Controllers\CatatanPerjalanan->index()
#6 C:\xampp\htdocs\ukkrpl2022\system\CodeIgniter.php(412): CodeIgniter\CodeIgniter->runController(Object(App\Controllers\CatatanPerjalanan))
#7 C:\xampp\htdocs\ukkrpl2022\system\CodeIgniter.php(320): CodeIgniter\CodeIgniter->handleRequest(NULL, Object(Config\Cache), false)
#8 C:\xampp\htdocs\ukkrpl2022\public\index.php(37): CodeIgniter\CodeIgniter->run()
#9 C:\xampp\htdocs\ukkrpl2022\system\Commands\Server\rewrite.php(43): require_once('C:\\xampp\\htdocs...')
#10 {main}
CRITICAL - 2022-02-06 22:33:04 --> Undefined array key "waktu"
#0 C:\xampp\htdocs\ukkrpl2022\app\Views\catatan_perjalanan.php(29): CodeIgniter\Debug\Exceptions->errorHandler(2, 'Undefined array...', 'C:\\xampp\\htdocs...', 29)
#1 C:\xampp\htdocs\ukkrpl2022\system\View\View.php(210): include('C:\\xampp\\htdocs...')
#2 C:\xampp\htdocs\ukkrpl2022\system\View\View.php(213): CodeIgniter\View\View->CodeIgniter\View\{closure}()
#3 C:\xampp\htdocs\ukkrpl2022\system\Common.php(1089): CodeIgniter\View\View->render('catatan_perjala...', Array, true)
#4 C:\xampp\htdocs\ukkrpl2022\app\Controllers\CatatanPerjalanan.php(28): view('catatan_perjala...', Array)
#5 C:\xampp\htdocs\ukkrpl2022\system\CodeIgniter.php(825): App\Controllers\CatatanPerjalanan->index()
#6 C:\xampp\htdocs\ukkrpl2022\system\CodeIgniter.php(412): CodeIgniter\CodeIgniter->runController(Object(App\Controllers\CatatanPerjalanan))
#7 C:\xampp\htdocs\ukkrpl2022\system\CodeIgniter.php(320): CodeIgniter\CodeIgniter->handleRequest(NULL, Object(Config\Cache), false)
#8 C:\xampp\htdocs\ukkrpl2022\public\index.php(37): CodeIgniter\CodeIgniter->run()
#9 C:\xampp\htdocs\ukkrpl2022\system\Commands\Server\rewrite.php(43): require_once('C:\\xampp\\htdocs...')
#10 {main}
